Added Component: Designator=P1(HDR1X20)
Add component (AddParameter): Name = "LatestRevisionDate"; Value = "17-Jul-2002"; VariantName = "[No Variations]"
Add component (AddParameter): Name = "LatestRevisionNote"; Value = "Re-released for DXP Platform."; VariantName = "[No Variations]"
Add component (AddParameter): Name = "Publisher"; Value = "Altium Limited"; VariantName = "[No Variations]"
Added Component: Designator=P2(HDR1X20)
Add component (AddParameter): Name = "LatestRevisionDate"; Value = "17-Jul-2002"; VariantName = "[No Variations]"
Add component (AddParameter): Name = "LatestRevisionNote"; Value = "Re-released for DXP Platform."; VariantName = "[No Variations]"
Add component (AddParameter): Name = "Publisher"; Value = "Altium Limited"; VariantName = "[No Variations]"
Added Component: Designator=P4(Female1X5)
Added Component: Designator=P5(Female1X5)
Added Component: Designator=P6(XH-5P)
Added Component: Designator=P?(Í­Öù¿×)
Added Component: Designator=P?(Í­Öù¿×)
Added Component: Designator=P?(Í­Öù¿×)
Added Component: Designator=P?(Í­Öù¿×)
Added Member To Class: ClassName=LoRa_stm32 Member=Component P1 Header 20
Added Member To Class: ClassName=LoRa_stm32 Member=Component P2 Header 20
Added Member To Class: ClassName=LoRa_stm32 Member=Component P4 ÅÅ×ùÓëÅÅÕë1X5
Added Member To Class: ClassName=LoRa_stm32 Member=Component P5 ÅÅ×ùÓëÅÅÕë1X5
Added Member To Class: ClassName=LoRa_stm32 Member=Component P6 XH½ÓÏß×ù-5P
Added Member To Class: ClassName=LoRa_stm32 Member=Component P? Í­Öù¿×
Added Member To Class: ClassName=LoRa_stm32 Member=Component P? Í­Öù¿×
Added Member To Class: ClassName=LoRa_stm32 Member=Component P? Í­Öù¿×
Added Member To Class: ClassName=LoRa_stm32 Member=Component P? Í­Öù¿×
Added Room: Name=LoRa_stm32
