Added Component: Designator=C1(0603-C)
Add component (AddParameter): Name = "LatestRevisionDate"; Value = "17-Jul-2002"; VariantName = "[No Variations]"
Add component (AddParameter): Name = "LatestRevisionNote"; Value = "Re-released for DXP Platform."; VariantName = "[No Variations]"
Add component (AddParameter): Name = "PackageDescription"; Value = "Radial Cap, Thru-Hole; 2 Leads; 0.3 in Pin Spacing"; VariantName = "[No Variations]"
Add component (AddParameter): Name = "PackageReference"; Value = "RAD-0.3"; VariantName = "[No Variations]"
Add component (AddParameter): Name = "Published"; Value = "8-Jun-2000"; VariantName = "[No Variations]"
Add component (AddParameter): Name = "Publisher"; Value = "Altium Limited"; VariantName = "[No Variations]"
Add component (AddParameter): Name = "Value"; Value = "2.2uf"; VariantName = "[No Variations]"
Added Component: Designator=C2(0603-C)
Add component (AddParameter): Name = "LatestRevisionDate"; Value = "17-Jul-2002"; VariantName = "[No Variations]"
Add component (AddParameter): Name = "LatestRevisionNote"; Value = "Re-released for DXP Platform."; VariantName = "[No Variations]"
Add component (AddParameter): Name = "PackageDescription"; Value = "Radial Cap, Thru-Hole; 2 Leads; 0.3 in Pin Spacing"; VariantName = "[No Variations]"
Add component (AddParameter): Name = "PackageReference"; Value = "RAD-0.3"; VariantName = "[No Variations]"
Add component (AddParameter): Name = "Published"; Value = "8-Jun-2000"; VariantName = "[No Variations]"
Add component (AddParameter): Name = "Publisher"; Value = "Altium Limited"; VariantName = "[No Variations]"
Add component (AddParameter): Name = "Value"; Value = "2.2uf"; VariantName = "[No Variations]"
Added Component: Designator=P1(HDR1X20)
Add component (AddParameter): Name = "LatestRevisionDate"; Value = "17-Jul-2002"; VariantName = "[No Variations]"
Add component (AddParameter): Name = "LatestRevisionNote"; Value = "Re-released for DXP Platform."; VariantName = "[No Variations]"
Add component (AddParameter): Name = "Publisher"; Value = "Altium Limited"; VariantName = "[No Variations]"
Added Component: Designator=P2(HDR1X20)
Add component (AddParameter): Name = "LatestRevisionDate"; Value = "17-Jul-2002"; VariantName = "[No Variations]"
Add component (AddParameter): Name = "LatestRevisionNote"; Value = "Re-released for DXP Platform."; VariantName = "[No Variations]"
Add component (AddParameter): Name = "Publisher"; Value = "Altium Limited"; VariantName = "[No Variations]"
Added Component: Designator=P3(XH-2P)
Added Component: Designator=P4(Female1X5)
Added Component: Designator=P5(Female1X5)
Added Component: Designator=P6(XH-5P)
Added Component: Designator=R_up1(0603-R)
Add component (AddParameter): Name = "LatestRevisionDate"; Value = "17-Jul-2002"; VariantName = "[No Variations]"
Add component (AddParameter): Name = "LatestRevisionNote"; Value = "Re-released for DXP Platform."; VariantName = "[No Variations]"
Add component (AddParameter): Name = "PackageReference"; Value = "AXIAL-0.4"; VariantName = "[No Variations]"
Add component (AddParameter): Name = "Published"; Value = "8-Jun-2000"; VariantName = "[No Variations]"
Add component (AddParameter): Name = "Publisher"; Value = "Altium Limited"; VariantName = "[No Variations]"
Add component (AddParameter): Name = "Value"; Value = "10K"; VariantName = "[No Variations]"
Added Component: Designator=R_up2(0603-R)
Add component (AddParameter): Name = "LatestRevisionDate"; Value = "17-Jul-2002"; VariantName = "[No Variations]"
Add component (AddParameter): Name = "LatestRevisionNote"; Value = "Re-released for DXP Platform."; VariantName = "[No Variations]"
Add component (AddParameter): Name = "PackageReference"; Value = "AXIAL-0.4"; VariantName = "[No Variations]"
Add component (AddParameter): Name = "Published"; Value = "8-Jun-2000"; VariantName = "[No Variations]"
Add component (AddParameter): Name = "Publisher"; Value = "Altium Limited"; VariantName = "[No Variations]"
Add component (AddParameter): Name = "Value"; Value = "10K"; VariantName = "[No Variations]"
Added Component: Designator=U1(A09T)
Added Component: Designator=U2(EC03-DNC)
Added Component: Designator=´®¿Ú1(Header1X2)
Added Pin To Net: NetName=GND3V3 Pin=C1-2
Added Pin To Net: NetName=GND3V3 Pin=U1-2
Added Net: Name=GND3V3
Added Pin To Net: NetName=GND Pin=C2-2
Added Pin To Net: NetName=GND Pin=U1-3
Added Net: Name=GND
Added Pin To Net: NetName=HOST_WAKE Pin=R_up2-1
Added Net: Name=HOST_WAKE
Added Pin To Net: NetName=PB0 Pin=U1-1
Added Net: Name=PB0
Added Pin To Net: NetName=RX Pin=´®¿Ú1-1
Added Net: Name=RX
Added Pin To Net: NetName=TX Pin=´®¿Ú1-2
Added Net: Name=TX
Added Pin To Net: NetName=VCC3V3 Pin=C1-1
Added Pin To Net: NetName=VCC3V3 Pin=R_up1-2
Added Pin To Net: NetName=VCC3V3 Pin=R_up2-2
Added Net: Name=VCC3V3
Added Pin To Net: NetName=VDD Pin=C2-1
Added Net: Name=VDD
Added Pin To Net: NetName=Wake Pin=R_up1-1
Added Net: Name=Wake
Added Class: Name=LoRa_stm32
Added Room: Name=LoRa_stm32
