Added Component: Designator=P1(HDR1X20)
Add component (AddParameter): Name = "LatestRevisionDate"; Value = "17-Jul-2002"; VariantName = "[No Variations]"
Add component (AddParameter): Name = "LatestRevisionNote"; Value = "Re-released for DXP Platform."; VariantName = "[No Variations]"
Add component (AddParameter): Name = "Publisher"; Value = "Altium Limited"; VariantName = "[No Variations]"
Added Component: Designator=P2(HDR1X20)
Add component (AddParameter): Name = "LatestRevisionDate"; Value = "17-Jul-2002"; VariantName = "[No Variations]"
Add component (AddParameter): Name = "LatestRevisionNote"; Value = "Re-released for DXP Platform."; VariantName = "[No Variations]"
Add component (AddParameter): Name = "Publisher"; Value = "Altium Limited"; VariantName = "[No Variations]"
Added Pin To Net: NetName=VCC3V3 Pin=RoLa1-5
Added Pin To Net: NetName=VCC3V3 Pin=RoLa1-13
Added Pin To Net: NetName=VCC3V3 Pin=RoLa1-14
Added Pin To Net: NetName=HOST_WAKE Pin=RoLa1-15
Added Pin To Net: NetName=Wake Pin=RoLa1-16
Added Pin To Net: NetName=TX Pin=RoLa1-18
Added Pin To Net: NetName=RX Pin=RoLa1-19
Added Pin To Net: NetName=TX Pin=RoLa1-20
Added Pin To Net: NetName=Wake Pin=RoLa1-23
Added Pin To Net: NetName=HOST_WAKE Pin=RoLa1-24
Added Pin To Net: NetName=VCC3V3 Pin=RoLa1-26
Change Net Name : Old Net Name=GND3V3 New Net Name=GND
Added Pin To Net: NetName=GND3V3 Pin=C2-2
Added Pin To Net: NetName=GND3V3 Pin=RoLa1-11
Added Pin To Net: NetName=GND3V3 Pin=RoLa1-12
Added Pin To Net: NetName=GND3V3 Pin=U1-3
Added Net: Name=GND3V3
Added Member To Class: ClassName=LoRa_stm32 Member=Component P1 Header 20
Added Member To Class: ClassName=LoRa_stm32 Member=Component P2 Header 20
Added Room: Name=LoRa_stm32
