Removed Pin From Net: NetName=PC15 Pin=R1-1
Removed Pin From Net: NetName=NetM1_7 Pin=R1-2
Removed Pin From Net: NetName=NetQ1_2 Pin=R2-1
Removed Pin From Net: NetName=Module_EN Pin=R2-2
Removed Pin From Net: NetName=NetQ1_2 Pin=R3-1
Removed Pin From Net: NetName=GND Pin=R3-2
Removed Member From Class: ClassName=LoRa_stm32 Member=R1
Removed Member From Class: ClassName=LoRa_stm32 Member=R2
Removed Member From Class: ClassName=LoRa_stm32 Member=R3
Added Component: Designator=R_g1(0603-R)
Add component (AddParameter): Name = "LatestRevisionDate"; Value = "17-Jul-2002"; VariantName = "[No Variations]"
Add component (AddParameter): Name = "LatestRevisionNote"; Value = "Re-released for DXP Platform."; VariantName = "[No Variations]"
Add component (AddParameter): Name = "PackageReference"; Value = "AXIAL-0.4"; VariantName = "[No Variations]"
Add component (AddParameter): Name = "Published"; Value = "8-Jun-2000"; VariantName = "[No Variations]"
Add component (AddParameter): Name = "Publisher"; Value = "Altium Limited"; VariantName = "[No Variations]"
Add component (AddParameter): Name = "Value"; Value = "4.7K"; VariantName = "[No Variations]"
Added Component: Designator=R_g2(0603-R)
Add component (AddParameter): Name = "LatestRevisionDate"; Value = "17-Jul-2002"; VariantName = "[No Variations]"
Add component (AddParameter): Name = "LatestRevisionNote"; Value = "Re-released for DXP Platform."; VariantName = "[No Variations]"
Add component (AddParameter): Name = "PackageReference"; Value = "AXIAL-0.4"; VariantName = "[No Variations]"
Add component (AddParameter): Name = "Published"; Value = "8-Jun-2000"; VariantName = "[No Variations]"
Add component (AddParameter): Name = "Publisher"; Value = "Altium Limited"; VariantName = "[No Variations]"
Add component (AddParameter): Name = "Value"; Value = "4.7K"; VariantName = "[No Variations]"
Added Component: Designator=R_RSP(0603-R)
Add component (AddParameter): Name = "LatestRevisionDate"; Value = "17-Jul-2002"; VariantName = "[No Variations]"
Add component (AddParameter): Name = "LatestRevisionNote"; Value = "Re-released for DXP Platform."; VariantName = "[No Variations]"
Add component (AddParameter): Name = "PackageReference"; Value = "AXIAL-0.4"; VariantName = "[No Variations]"
Add component (AddParameter): Name = "Published"; Value = "8-Jun-2000"; VariantName = "[No Variations]"
Add component (AddParameter): Name = "Publisher"; Value = "Altium Limited"; VariantName = "[No Variations]"
Add component (AddParameter): Name = "Value"; Value = "4.7K"; VariantName = "[No Variations]"
Added Pin To Net: NetName=NetQ1_2 Pin=R_g1-1
Added Pin To Net: NetName=Module_EN Pin=R_g1-2
Added Pin To Net: NetName=NetQ1_2 Pin=R_g2-1
Added Pin To Net: NetName=GND Pin=R_g2-2
Added Pin To Net: NetName=NetM1_7 Pin=R_RSP-1
Added Pin To Net: NetName=PC15 Pin=R_RSP-2
Added Member To Class: ClassName=LoRa_stm32 Member=Component R_g1 10K
Added Member To Class: ClassName=LoRa_stm32 Member=Component R_g2 10K
Added Member To Class: ClassName=LoRa_stm32 Member=Component R_RSP 10K
