Removed Pin From Net: NetName=VBAT_32 Pin=P1-1
Removed Pin From Net: NetName=PC13 Pin=P1-2
Removed Pin From Net: NetName=PC14 Pin=P1-3
Removed Pin From Net: NetName=PC15 Pin=P1-4
Removed Pin From Net: NetName=PA0 Pin=P1-5
Removed Pin From Net: NetName=PA1 Pin=P1-6
Removed Pin From Net: NetName=PA2 Pin=P1-7
Removed Pin From Net: NetName=PA3 Pin=P1-8
Removed Pin From Net: NetName=PA4 Pin=P1-9
Removed Pin From Net: NetName=LoRa_EN Pin=P1-10
Removed Pin From Net: NetName=Boost_EN Pin=P1-11
Removed Pin From Net: NetName=PA7 Pin=P1-12
Removed Pin From Net: NetName=PB0 Pin=P1-13
Removed Pin From Net: NetName=PB1 Pin=P1-14
Removed Pin From Net: NetName=PB10 Pin=P1-15
Removed Pin From Net: NetName=PB11 Pin=P1-16
Removed Pin From Net: NetName=NRST Pin=P1-17
Removed Pin From Net: NetName=VCC3V3 Pin=P1-18
Removed Pin From Net: NetName=GND Pin=P1-19
Removed Pin From Net: NetName=GND Pin=P1-20
Removed Pin From Net: NetName=VCC3V3 Pin=P2-1
Removed Pin From Net: NetName=GND Pin=P2-2
Removed Pin From Net: NetName=5V Pin=P2-3
Removed Pin From Net: NetName=PB9 Pin=P2-4
Removed Pin From Net: NetName=PB8 Pin=P2-5
Removed Pin From Net: NetName=PB7 Pin=P2-6
Removed Pin From Net: NetName=PB6 Pin=P2-7
Removed Pin From Net: NetName=PB5 Pin=P2-8
Removed Pin From Net: NetName=PB4 Pin=P2-9
Removed Pin From Net: NetName=PB3 Pin=P2-10
Removed Pin From Net: NetName=PA15 Pin=P2-11
Removed Pin From Net: NetName=PA12 Pin=P2-12
Removed Pin From Net: NetName=PA11 Pin=P2-13
Removed Pin From Net: NetName=PA10 Pin=P2-14
Removed Pin From Net: NetName=PA9 Pin=P2-15
Removed Pin From Net: NetName=PA8 Pin=P2-16
Removed Pin From Net: NetName=PB15 Pin=P2-17
Removed Pin From Net: NetName=PB14 Pin=P2-18
Removed Pin From Net: NetName=PB13 Pin=P2-19
Removed Pin From Net: NetName=PB12 Pin=P2-20
Removed Member From Class: ClassName=LoRa_stm32 Member=P1
Removed Member From Class: ClassName=LoRa_stm32 Member=P2
Added Component: Designator=U(STM32最小系统)
Added Pin To Net: NetName=VBAT_32 Pin=U-1
Added Pin To Net: NetName=PC13 Pin=U-2
Added Pin To Net: NetName=PC14 Pin=U-3
Added Pin To Net: NetName=PC15 Pin=U-4
Added Pin To Net: NetName=PA0 Pin=U-5
Added Pin To Net: NetName=PA1 Pin=U-6
Added Pin To Net: NetName=PA2 Pin=U-7
Added Pin To Net: NetName=PA3 Pin=U-8
Added Pin To Net: NetName=PA4 Pin=U-9
Added Pin To Net: NetName=LoRa_EN Pin=U-10
Added Pin To Net: NetName=Boost_EN Pin=U-11
Added Pin To Net: NetName=PA7 Pin=U-12
Added Pin To Net: NetName=PB0 Pin=U-13
Added Pin To Net: NetName=PB1 Pin=U-14
Added Pin To Net: NetName=PB10 Pin=U-15
Added Pin To Net: NetName=PB11 Pin=U-16
Added Pin To Net: NetName=NRST Pin=U-17
Added Pin To Net: NetName=VCC3V3 Pin=U-18
Added Pin To Net: NetName=GND Pin=U-19
Added Pin To Net: NetName=GND Pin=U-20
Added Pin To Net: NetName=VCC3V3 Pin=U-21
Added Pin To Net: NetName=GND Pin=U-22
Added Pin To Net: NetName=5V Pin=U-23
Added Pin To Net: NetName=PB9 Pin=U-24
Added Pin To Net: NetName=PB8 Pin=U-25
Added Pin To Net: NetName=PB7 Pin=U-26
Added Pin To Net: NetName=PB6 Pin=U-27
Added Pin To Net: NetName=PB5 Pin=U-28
Added Pin To Net: NetName=PB4 Pin=U-29
Added Pin To Net: NetName=PB3 Pin=U-30
Added Pin To Net: NetName=PA15 Pin=U-31
Added Pin To Net: NetName=PA12 Pin=U-32
Added Pin To Net: NetName=PA11 Pin=U-33
Added Pin To Net: NetName=PA10 Pin=U-34
Added Pin To Net: NetName=PA9 Pin=U-35
Added Pin To Net: NetName=PA8 Pin=U-36
Added Pin To Net: NetName=PB15 Pin=U-37
Added Pin To Net: NetName=PB14 Pin=U-38
Added Pin To Net: NetName=PB13 Pin=U-39
Added Pin To Net: NetName=PB12 Pin=U-40
Added Member To Class: ClassName=LoRa_stm32 Member=Component U STM32最小系统
Added Room: Name=LoRa_stm32
